<?xml version="1.0" encoding="UTF-8"?>
<coverage generated="1773317060660" clover="3.2.0">
  <project timestamp="1773317060661" name="All files">
    <metrics statements="37" coveredstatements="37" conditionals="16" coveredconditionals="16" methods="23" coveredmethods="23" elements="76" coveredelements="76" complexity="0" loc="37" ncloc="37" packages="1" files="4" classes="4"/>
    <file name="CookBook.ts" path="/home/usuario/prct06-generics-solid-EduardoSocas378/src/ejercicio-pe101/CookBook.ts">
      <metrics statements="10" coveredstatements="10" conditionals="4" coveredconditionals="4" methods="8" coveredmethods="8"/>
      <line num="9" count="9" type="stmt"/>
      <line num="16" count="15" type="stmt"/>
      <line num="24" count="3" type="cond" truecount="4" falsecount="0"/>
      <line num="25" count="1" type="stmt"/>
      <line num="35" count="5" type="stmt"/>
      <line num="43" count="6" type="stmt"/>
      <line num="52" count="1" type="stmt"/>
      <line num="53" count="1" type="stmt"/>
      <line num="54" count="1" type="stmt"/>
      <line num="62" count="2" type="stmt"/>
    </file>
    <file name="Elaborable.ts" path="/home/usuario/prct06-generics-solid-EduardoSocas378/src/ejercicio-pe101/Elaborable.ts">
      <metrics statements="0" coveredstatements="0" conditionals="0" coveredconditionals="0" methods="0" coveredmethods="0"/>
    </file>
    <file name="Salty.ts" path="/home/usuario/prct06-generics-solid-EduardoSocas378/src/ejercicio-pe101/Salty.ts">
      <metrics statements="11" coveredstatements="11" conditionals="2" coveredconditionals="2" methods="7" coveredmethods="7"/>
      <line num="27" count="11" type="cond" truecount="2" falsecount="0"/>
      <line num="29" count="9" type="stmt"/>
      <line num="30" count="9" type="stmt"/>
      <line num="31" count="9" type="stmt"/>
      <line num="32" count="9" type="stmt"/>
      <line num="35" count="2" type="stmt"/>
      <line num="36" count="2" type="stmt"/>
      <line num="37" count="2" type="stmt"/>
      <line num="38" count="2" type="stmt"/>
      <line num="45" count="1" type="stmt"/>
      <line num="53" count="2" type="stmt"/>
    </file>
    <file name="Sweet.ts" path="/home/usuario/prct06-generics-solid-EduardoSocas378/src/ejercicio-pe101/Sweet.ts">
      <metrics statements="16" coveredstatements="16" conditionals="10" coveredconditionals="10" methods="8" coveredmethods="8"/>
      <line num="32" count="15" type="cond" truecount="4" falsecount="0"/>
      <line num="33" count="13" type="cond" truecount="2" falsecount="0"/>
      <line num="34" count="12" type="cond" truecount="2" falsecount="0"/>
      <line num="35" count="11" type="cond" truecount="2" falsecount="0"/>
      <line num="37" count="10" type="stmt"/>
      <line num="38" count="10" type="stmt"/>
      <line num="39" count="10" type="stmt"/>
      <line num="40" count="10" type="stmt"/>
      <line num="41" count="10" type="stmt"/>
      <line num="44" count="2" type="stmt"/>
      <line num="45" count="2" type="stmt"/>
      <line num="46" count="4" type="stmt"/>
      <line num="47" count="4" type="stmt"/>
      <line num="48" count="4" type="stmt"/>
      <line num="55" count="1" type="stmt"/>
      <line num="66" count="3" type="stmt"/>
    </file>
  </project>
</coverage>
