<?xml version="1.0" encoding="UTF-8"?>
<coverage generated="1773241486793" clover="3.2.0">
  <project timestamp="1773241486793" name="All files">
    <metrics statements="5" coveredstatements="5" conditionals="0" coveredconditionals="0" methods="10" coveredmethods="10" elements="15" coveredelements="15" complexity="0" loc="5" ncloc="5" packages="1" files="1" classes="1"/>
    <file name="JediMasterCollection.ts" path="/home/usuario/prct06-generics-solid-EduardoSocas378/src/ejercicio-1/JediMasterCollection.ts">
      <metrics statements="5" coveredstatements="5" conditionals="0" coveredconditionals="0" methods="10" coveredmethods="10"/>
      <line num="26" count="6" type="stmt"/>
      <line num="35" count="3" type="stmt"/>
      <line num="44" count="3" type="stmt"/>
      <line num="53" count="3" type="stmt"/>
      <line num="62" count="3" type="stmt"/>
    </file>
  </project>
</coverage>
