{"/home/usuario/prct06-generics-solid-EduardoSocas378/src/ejercicio-1/JediMasterCollection.ts": {"path":"/home/usuario/prct06-generics-solid-EduardoSocas378/src/ejercicio-1/JediMasterCollection.ts","statementMap":{"0":{"start":{"line":26,"column":8},"end":{"line":26,"column":null}},"1":{"start":{"line":26,"column":41},"end":{"line":26,"column":93}},"2":{"start":{"line":35,"column":8},"end":{"line":35,"column":null}},"3":{"start":{"line":35,"column":41},"end":{"line":35,"column":73}},"4":{"start":{"line":44,"column":8},"end":{"line":44,"column":null}},"5":{"start":{"line":44,"column":41},"end":{"line":44,"column":103}},"6":{"start":{"line":53,"column":8},"end":{"line":53,"column":null}},"7":{"start":{"line":53,"column":41},"end":{"line":53,"column":67}},"8":{"start":{"line":62,"column":8},"end":{"line":62,"column":null}},"9":{"start":{"line":62,"column":41},"end":{"line":62,"column":65}}},"fnMap":{"0":{"name":"(anonymous_0)","decl":{"start":{"line":25,"column":4},"end":{"line":25,"column":17}},"loc":{"start":{"line":25,"column":45},"end":{"line":27,"column":null}},"line":25},"1":{"name":"(anonymous_1)","decl":{"start":{"line":26,"column":33},"end":{"line":26,"column":41}},"loc":{"start":{"line":26,"column":41},"end":{"line":26,"column":93}},"line":26},"2":{"name":"(anonymous_2)","decl":{"start":{"line":34,"column":4},"end":{"line":34,"column":24}},"loc":{"start":{"line":34,"column":64},"end":{"line":36,"column":null}},"line":34},"3":{"name":"(anonymous_3)","decl":{"start":{"line":35,"column":33},"end":{"line":35,"column":41}},"loc":{"start":{"line":35,"column":41},"end":{"line":35,"column":73}},"line":35},"4":{"name":"(anonymous_4)","decl":{"start":{"line":43,"column":4},"end":{"line":43,"column":19}},"loc":{"start":{"line":43,"column":49},"end":{"line":45,"column":null}},"line":43},"5":{"name":"(anonymous_5)","decl":{"start":{"line":44,"column":33},"end":{"line":44,"column":41}},"loc":{"start":{"line":44,"column":41},"end":{"line":44,"column":103}},"line":44},"6":{"name":"(anonymous_6)","decl":{"start":{"line":52,"column":4},"end":{"line":52,"column":17}},"loc":{"start":{"line":52,"column":45},"end":{"line":54,"column":null}},"line":52},"7":{"name":"(anonymous_7)","decl":{"start":{"line":53,"column":33},"end":{"line":53,"column":41}},"loc":{"start":{"line":53,"column":41},"end":{"line":53,"column":67}},"line":53},"8":{"name":"(anonymous_8)","decl":{"start":{"line":61,"column":4},"end":{"line":61,"column":18}},"loc":{"start":{"line":61,"column":47},"end":{"line":63,"column":null}},"line":61},"9":{"name":"(anonymous_9)","decl":{"start":{"line":62,"column":33},"end":{"line":62,"column":41}},"loc":{"start":{"line":62,"column":41},"end":{"line":62,"column":65}},"line":62}},"branchMap":{},"s":{"0":2,"1":6,"2":1,"3":3,"4":1,"5":3,"6":1,"7":3,"8":1,"9":3},"f":{"0":2,"1":6,"2":1,"3":3,"4":1,"5":3,"6":1,"7":3,"8":1,"9":3},"b":{},"meta":{"lastBranch":0,"lastFunction":10,"lastStatement":10,"seen":{"f:25:4:25:17":0,"s:26:8:26:Infinity":0,"f:26:33:26:41":1,"s:26:41:26:93":1,"f:34:4:34:24":2,"s:35:8:35:Infinity":2,"f:35:33:35:41":3,"s:35:41:35:73":3,"f:43:4:43:19":4,"s:44:8:44:Infinity":4,"f:44:33:44:41":5,"s:44:41:44:103":5,"f:52:4:52:17":6,"s:53:8:53:Infinity":6,"f:53:33:53:41":7,"s:53:41:53:67":7,"f:61:4:61:18":8,"s:62:8:62:Infinity":8,"f:62:33:62:41":9,"s:62:41:62:65":9}}}
}
