{"/home/usuario/prct06-generics-solid-EduardoSocas378/src/ejercicio-pe101/CookBook.ts": {"path":"/home/usuario/prct06-generics-solid-EduardoSocas378/src/ejercicio-pe101/CookBook.ts","statementMap":{"0":{"start":{"line":9,"column":32},"end":{"line":9,"column":null}},"1":{"start":{"line":16,"column":4},"end":{"line":16,"column":null}},"2":{"start":{"line":24,"column":4},"end":{"line":26,"column":null}},"3":{"start":{"line":25,"column":6},"end":{"line":25,"column":null}},"4":{"start":{"line":35,"column":4},"end":{"line":35,"column":null}},"5":{"start":{"line":43,"column":4},"end":{"line":43,"column":null}},"6":{"start":{"line":52,"column":29},"end":{"line":52,"column":null}},"7":{"start":{"line":53,"column":4},"end":{"line":53,"column":null}},"8":{"start":{"line":53,"column":49},"end":{"line":53,"column":75}},"9":{"start":{"line":54,"column":4},"end":{"line":54,"column":null}},"10":{"start":{"line":62,"column":4},"end":{"line":62,"column":null}},"11":{"start":{"line":62,"column":45},"end":{"line":62,"column":66}}},"fnMap":{"0":{"name":"(anonymous_0)","decl":{"start":{"line":15,"column":2},"end":{"line":15,"column":6}},"loc":{"start":{"line":15,"column":20},"end":{"line":17,"column":null}},"line":15},"1":{"name":"(anonymous_1)","decl":{"start":{"line":23,"column":2},"end":{"line":23,"column":9}},"loc":{"start":{"line":23,"column":29},"end":{"line":27,"column":null}},"line":23},"2":{"name":"(anonymous_2)","decl":{"start":{"line":34,"column":2},"end":{"line":34,"column":6}},"loc":{"start":{"line":34,"column":36},"end":{"line":36,"column":null}},"line":34},"3":{"name":"(anonymous_3)","decl":{"start":{"line":42,"column":2},"end":{"line":42,"column":17}},"loc":{"start":{"line":42,"column":17},"end":{"line":44,"column":null}},"line":42},"4":{"name":"(anonymous_4)","decl":{"start":{"line":51,"column":2},"end":{"line":51,"column":9}},"loc":{"start":{"line":51,"column":55},"end":{"line":55,"column":null}},"line":51},"5":{"name":"(anonymous_5)","decl":{"start":{"line":53,"column":41},"end":{"line":53,"column":49}},"loc":{"start":{"line":53,"column":49},"end":{"line":53,"column":75}},"line":53},"6":{"name":"(anonymous_6)","decl":{"start":{"line":61,"column":2},"end":{"line":61,"column":20}},"loc":{"start":{"line":61,"column":20},"end":{"line":63,"column":null}},"line":61},"7":{"name":"(anonymous_7)","decl":{"start":{"line":62,"column":29},"end":{"line":62,"column":30}},"loc":{"start":{"line":62,"column":45},"end":{"line":62,"column":66}},"line":62}},"branchMap":{"0":{"loc":{"start":{"line":24,"column":4},"end":{"line":26,"column":null}},"type":"if","locations":[{"start":{"line":24,"column":4},"end":{"line":26,"column":null}},{"start":{},"end":{}}],"line":24},"1":{"loc":{"start":{"line":24,"column":8},"end":{"line":24,"column":49}},"type":"binary-expr","locations":[{"start":{"line":24,"column":8},"end":{"line":24,"column":22}},{"start":{"line":24,"column":22},"end":{"line":24,"column":49}}],"line":24}},"s":{"0":9,"1":15,"2":3,"3":1,"4":5,"5":6,"6":1,"7":1,"8":1,"9":1,"10":2,"11":2},"f":{"0":15,"1":3,"2":5,"3":6,"4":1,"5":1,"6":2,"7":2},"b":{"0":[1,2],"1":[3,2]},"meta":{"lastBranch":2,"lastFunction":8,"lastStatement":12,"seen":{"s:9:32:9:Infinity":0,"f:15:2:15:6":0,"s:16:4:16:Infinity":1,"f:23:2:23:9":1,"b:24:4:26:Infinity:undefined:undefined:undefined:undefined":0,"s:24:4:26:Infinity":2,"b:24:8:24:22:24:22:24:49":1,"s:25:6:25:Infinity":3,"f:34:2:34:6":2,"s:35:4:35:Infinity":4,"f:42:2:42:17":3,"s:43:4:43:Infinity":5,"f:51:2:51:9":4,"s:52:29:52:Infinity":6,"s:53:4:53:Infinity":7,"f:53:41:53:49":5,"s:53:49:53:75":8,"s:54:4:54:Infinity":9,"f:61:2:61:20":6,"s:62:4:62:Infinity":10,"f:62:29:62:30":7,"s:62:45:62:66":11}}}
,"/home/usuario/prct06-generics-solid-EduardoSocas378/src/ejercicio-pe101/Elaborable.ts": {"path":"/home/usuario/prct06-generics-solid-EduardoSocas378/src/ejercicio-pe101/Elaborable.ts","statementMap":{},"fnMap":{},"branchMap":{},"s":{},"f":{},"b":{},"meta":{"lastBranch":0,"lastFunction":0,"lastStatement":0,"seen":{}}}
,"/home/usuario/prct06-generics-solid-EduardoSocas378/src/ejercicio-pe101/Salty.ts": {"path":"/home/usuario/prct06-generics-solid-EduardoSocas378/src/ejercicio-pe101/Salty.ts","statementMap":{"0":{"start":{"line":27,"column":4},"end":{"line":27,"column":null}},"1":{"start":{"line":27,"column":28},"end":{"line":27,"column":null}},"2":{"start":{"line":29,"column":4},"end":{"line":29,"column":null}},"3":{"start":{"line":30,"column":4},"end":{"line":30,"column":null}},"4":{"start":{"line":31,"column":4},"end":{"line":31,"column":null}},"5":{"start":{"line":32,"column":4},"end":{"line":32,"column":null}},"6":{"start":{"line":35,"column":22},"end":{"line":35,"column":39}},"7":{"start":{"line":36,"column":31},"end":{"line":36,"column":57}},"8":{"start":{"line":37,"column":31},"end":{"line":37,"column":57}},"9":{"start":{"line":38,"column":30},"end":{"line":38,"column":52}},"10":{"start":{"line":45,"column":4},"end":{"line":45,"column":null}},"11":{"start":{"line":53,"column":4},"end":{"line":53,"column":null}}},"fnMap":{"0":{"name":"(anonymous_0)","decl":{"start":{"line":26,"column":2},"end":{"line":26,"column":14}},"loc":{"start":{"line":26,"column":91},"end":{"line":33,"column":null}},"line":26},"1":{"name":"(anonymous_1)","decl":{"start":{"line":35,"column":6},"end":{"line":35,"column":21}},"loc":{"start":{"line":35,"column":21},"end":{"line":35,"column":null}},"line":35},"2":{"name":"(anonymous_2)","decl":{"start":{"line":36,"column":6},"end":{"line":36,"column":30}},"loc":{"start":{"line":36,"column":30},"end":{"line":36,"column":null}},"line":36},"3":{"name":"(anonymous_3)","decl":{"start":{"line":37,"column":6},"end":{"line":37,"column":30}},"loc":{"start":{"line":37,"column":30},"end":{"line":37,"column":null}},"line":37},"4":{"name":"(anonymous_4)","decl":{"start":{"line":38,"column":6},"end":{"line":38,"column":29}},"loc":{"start":{"line":38,"column":29},"end":{"line":38,"column":null}},"line":38},"5":{"name":"(anonymous_5)","decl":{"start":{"line":44,"column":2},"end":{"line":44,"column":17}},"loc":{"start":{"line":44,"column":17},"end":{"line":46,"column":null}},"line":44},"6":{"name":"(anonymous_6)","decl":{"start":{"line":52,"column":2},"end":{"line":52,"column":16}},"loc":{"start":{"line":52,"column":16},"end":{"line":54,"column":null}},"line":52}},"branchMap":{"0":{"loc":{"start":{"line":27,"column":4},"end":{"line":27,"column":null}},"type":"if","locations":[{"start":{"line":27,"column":4},"end":{"line":27,"column":null}},{"start":{},"end":{}}],"line":27}},"s":{"0":11,"1":2,"2":9,"3":9,"4":9,"5":9,"6":2,"7":2,"8":2,"9":2,"10":1,"11":2},"f":{"0":11,"1":2,"2":2,"3":2,"4":2,"5":1,"6":2},"b":{"0":[2,9]},"meta":{"lastBranch":1,"lastFunction":7,"lastStatement":12,"seen":{"f:26:2:26:14":0,"b:27:4:27:Infinity:undefined:undefined:undefined:undefined":0,"s:27:4:27:Infinity":0,"s:27:28:27:Infinity":1,"s:29:4:29:Infinity":2,"s:30:4:30:Infinity":3,"s:31:4:31:Infinity":4,"s:32:4:32:Infinity":5,"f:35:6:35:21":1,"s:35:22:35:39":6,"f:36:6:36:30":2,"s:36:31:36:57":7,"f:37:6:37:30":3,"s:37:31:37:57":8,"f:38:6:38:29":4,"s:38:30:38:52":9,"f:44:2:44:17":5,"s:45:4:45:Infinity":10,"f:52:2:52:16":6,"s:53:4:53:Infinity":11}}}
,"/home/usuario/prct06-generics-solid-EduardoSocas378/src/ejercicio-pe101/Sweet.ts": {"path":"/home/usuario/prct06-generics-solid-EduardoSocas378/src/ejercicio-pe101/Sweet.ts","statementMap":{"0":{"start":{"line":32,"column":4},"end":{"line":32,"column":null}},"1":{"start":{"line":32,"column":43},"end":{"line":32,"column":null}},"2":{"start":{"line":33,"column":4},"end":{"line":33,"column":null}},"3":{"start":{"line":33,"column":29},"end":{"line":33,"column":null}},"4":{"start":{"line":34,"column":4},"end":{"line":34,"column":null}},"5":{"start":{"line":34,"column":24},"end":{"line":34,"column":null}},"6":{"start":{"line":35,"column":4},"end":{"line":35,"column":null}},"7":{"start":{"line":35,"column":25},"end":{"line":35,"column":null}},"8":{"start":{"line":37,"column":4},"end":{"line":37,"column":null}},"9":{"start":{"line":38,"column":4},"end":{"line":38,"column":null}},"10":{"start":{"line":39,"column":4},"end":{"line":39,"column":null}},"11":{"start":{"line":40,"column":4},"end":{"line":40,"column":null}},"12":{"start":{"line":41,"column":4},"end":{"line":41,"column":null}},"13":{"start":{"line":44,"column":22},"end":{"line":44,"column":39}},"14":{"start":{"line":45,"column":28},"end":{"line":45,"column":51}},"15":{"start":{"line":46,"column":33},"end":{"line":46,"column":61}},"16":{"start":{"line":47,"column":27},"end":{"line":47,"column":50}},"17":{"start":{"line":48,"column":28},"end":{"line":48,"column":52}},"18":{"start":{"line":55,"column":4},"end":{"line":58,"column":null}},"19":{"start":{"line":66,"column":4},"end":{"line":66,"column":null}}},"fnMap":{"0":{"name":"(anonymous_0)","decl":{"start":{"line":31,"column":2},"end":{"line":31,"column":14}},"loc":{"start":{"line":31,"column":110},"end":{"line":42,"column":null}},"line":31},"1":{"name":"(anonymous_1)","decl":{"start":{"line":44,"column":6},"end":{"line":44,"column":21}},"loc":{"start":{"line":44,"column":21},"end":{"line":44,"column":null}},"line":44},"2":{"name":"(anonymous_2)","decl":{"start":{"line":45,"column":6},"end":{"line":45,"column":27}},"loc":{"start":{"line":45,"column":27},"end":{"line":45,"column":null}},"line":45},"3":{"name":"(anonymous_3)","decl":{"start":{"line":46,"column":6},"end":{"line":46,"column":32}},"loc":{"start":{"line":46,"column":32},"end":{"line":46,"column":null}},"line":46},"4":{"name":"(anonymous_4)","decl":{"start":{"line":47,"column":6},"end":{"line":47,"column":26}},"loc":{"start":{"line":47,"column":26},"end":{"line":47,"column":null}},"line":47},"5":{"name":"(anonymous_5)","decl":{"start":{"line":48,"column":6},"end":{"line":48,"column":27}},"loc":{"start":{"line":48,"column":27},"end":{"line":48,"column":null}},"line":48},"6":{"name":"(anonymous_6)","decl":{"start":{"line":54,"column":2},"end":{"line":54,"column":20}},"loc":{"start":{"line":54,"column":20},"end":{"line":59,"column":null}},"line":54},"7":{"name":"(anonymous_7)","decl":{"start":{"line":65,"column":2},"end":{"line":65,"column":17}},"loc":{"start":{"line":65,"column":17},"end":{"line":67,"column":null}},"line":65}},"branchMap":{"0":{"loc":{"start":{"line":32,"column":4},"end":{"line":32,"column":null}},"type":"if","locations":[{"start":{"line":32,"column":4},"end":{"line":32,"column":null}},{"start":{},"end":{}}],"line":32},"1":{"loc":{"start":{"line":32,"column":8},"end":{"line":32,"column":43}},"type":"binary-expr","locations":[{"start":{"line":32,"column":8},"end":{"line":32,"column":26}},{"start":{"line":32,"column":26},"end":{"line":32,"column":43}}],"line":32},"2":{"loc":{"start":{"line":33,"column":4},"end":{"line":33,"column":null}},"type":"if","locations":[{"start":{"line":33,"column":4},"end":{"line":33,"column":null}},{"start":{},"end":{}}],"line":33},"3":{"loc":{"start":{"line":34,"column":4},"end":{"line":34,"column":null}},"type":"if","locations":[{"start":{"line":34,"column":4},"end":{"line":34,"column":null}},{"start":{},"end":{}}],"line":34},"4":{"loc":{"start":{"line":35,"column":4},"end":{"line":35,"column":null}},"type":"if","locations":[{"start":{"line":35,"column":4},"end":{"line":35,"column":null}},{"start":{},"end":{}}],"line":35}},"s":{"0":15,"1":2,"2":13,"3":13,"4":12,"5":12,"6":11,"7":11,"8":10,"9":10,"10":10,"11":10,"12":10,"13":2,"14":2,"15":4,"16":4,"17":4,"18":1,"19":3},"f":{"0":15,"1":2,"2":2,"3":4,"4":4,"5":4,"6":1,"7":3},"b":{"0":[2,13],"1":[15,14],"2":[1,12],"3":[1,11],"4":[1,10]},"meta":{"lastBranch":5,"lastFunction":8,"lastStatement":20,"seen":{"f:31:2:31:14":0,"b:32:4:32:Infinity:undefined:undefined:undefined:undefined":0,"s:32:4:32:Infinity":0,"b:32:8:32:26:32:26:32:43":1,"s:32:43:32:Infinity":1,"b:33:4:33:Infinity:undefined:undefined:undefined:undefined":2,"s:33:4:33:Infinity":2,"s:33:29:33:Infinity":3,"b:34:4:34:Infinity:undefined:undefined:undefined:undefined":3,"s:34:4:34:Infinity":4,"s:34:24:34:Infinity":5,"b:35:4:35:Infinity:undefined:undefined:undefined:undefined":4,"s:35:4:35:Infinity":6,"s:35:25:35:Infinity":7,"s:37:4:37:Infinity":8,"s:38:4:38:Infinity":9,"s:39:4:39:Infinity":10,"s:40:4:40:Infinity":11,"s:41:4:41:Infinity":12,"f:44:6:44:21":1,"s:44:22:44:39":13,"f:45:6:45:27":2,"s:45:28:45:51":14,"f:46:6:46:32":3,"s:46:33:46:61":15,"f:47:6:47:26":4,"s:47:27:47:50":16,"f:48:6:48:27":5,"s:48:28:48:52":17,"f:54:2:54:20":6,"s:55:4:58:Infinity":18,"f:65:2:65:17":7,"s:66:4:66:Infinity":19}}}
}
